/!\ FAILSAFE /!\  Sun Dec 13 18:02:31 -0600 2009
  Status: 500 Internal Server Error
  no password specified
    /usr/lib/ruby/gems/1.8/gems/postgres-pr-0.6.1/lib/postgres-pr/connection.rb:68:in `initialize'
    /usr/lib/ruby/gems/1.8/gems/postgres-pr-0.6.1/lib/postgres-pr/connection.rb:55:in `loop'
    /usr/lib/ruby/gems/1.8/gems/postgres-pr-0.6.1/lib/postgres-pr/connection.rb:55:in `initialize'
    /usr/lib/ruby/gems/1.8/gems/postgres-pr-0.6.1/lib/postgres-pr/postgres-compat.rb:23:in `new'
    /usr/lib/ruby/gems/1.8/gems/postgres-pr-0.6.1/lib/postgres-pr/postgres-compat.rb:23:in `initialize'
    /usr/lib/ruby/gems/1.8/gems/activerecord-2.3.4/lib/active_record/connection_adapters/postgresql_adapter.rb:968:in `connect'
    /usr/lib/ruby/gems/1.8/gems/activerecord-2.3.4/lib/active_record/connection_adapters/postgresql_adapter.rb:968:in `connect'
    /usr/lib/ruby/gems/1.8/gems/activerecord-2.3.4/lib/active_record/connection_adapters/postgresql_adapter.rb:217:in `initialize'
    /usr/lib/ruby/gems/1.8/gems/activerecord-2.3.4/lib/active_record/connection_adapters/postgresql_adapter.rb:37:in `new'
    /usr/lib/ruby/gems/1.8/gems/activerecord-2.3.4/lib/active_record/connection_adapters/postgresql_adapter.rb:37:in `postgresql_connection'
    /usr/lib/ruby/gems/1.8/gems/activerecord-2.3.4/lib/active_record/connection_adapters/abstract/connection_pool.rb:223:in `send'
    /usr/lib/ruby/gems/1.8/gems/activerecord-2.3.4/lib/active_record/connection_adapters/abstract/connection_pool.rb:223:in `new_connection'
    /usr/lib/ruby/gems/1.8/gems/activerecord-2.3.4/lib/active_record/connection_adapters/abstract/connection_pool.rb:245:in `checkout_new_connection'
    /usr/lib/ruby/gems/1.8/gems/activerecord-2.3.4/lib/active_record/connection_adapters/abstract/connection_pool.rb:188:in `checkout'
    /usr/lib/ruby/gems/1.8/gems/activerecord-2.3.4/lib/active_record/connection_adapters/abstract/connection_pool.rb:184:in `loop'
    /usr/lib/ruby/gems/1.8/gems/activerecord-2.3.4/lib/active_record/connection_adapters/abstract/connection_pool.rb:184:in `checkout'
    /usr/lib/ruby/1.8/monitor.rb:242:in `synchronize'
    /usr/lib/ruby/gems/1.8/gems/activerecord-2.3.4/lib/active_record/connection_adapters/abstract/connection_pool.rb:183:in `checkout'
    /usr/lib/ruby/gems/1.8/gems/activerecord-2.3.4/lib/active_record/connection_adapters/abstract/connection_pool.rb:98:in `connection'
    /usr/lib/ruby/gems/1.8/gems/activerecord-2.3.4/lib/active_record/connection_adapters/abstract/connection_pool.rb:326:in `retrieve_connection'
    /usr/lib/ruby/gems/1.8/gems/activerecord-2.3.4/lib/active_record/connection_adapters/abstract/connection_specification.rb:123:in `retrieve_connection'
    /usr/lib/ruby/gems/1.8/gems/activerecord-2.3.4/lib/active_record/connection_adapters/abstract/connection_specification.rb:115:in `connection'
    /usr/lib/ruby/gems/1.8/gems/activerecord-2.3.4/lib/active_record/query_cache.rb:9:in `cache'
    /usr/lib/ruby/gems/1.8/gems/activerecord-2.3.4/lib/active_record/query_cache.rb:28:in `call'
    /usr/lib/ruby/gems/1.8/gems/activerecord-2.3.4/lib/active_record/connection_adapters/abstract/connection_pool.rb:361:in `call'
    /usr/lib/ruby/gems/1.8/gems/rack-1.0.1/lib/rack/head.rb:9:in `call'
    /usr/lib/ruby/gems/1.8/gems/rack-1.0.1/lib/rack/methodoverride.rb:24:in `call'
    /usr/lib/ruby/gems/1.8/gems/actionpack-2.3.4/lib/action_controller/params_parser.rb:15:in `call'
    /usr/lib/ruby/gems/1.8/gems/actionpack-2.3.4/lib/action_controller/session/cookie_store.rb:93:in `call'
    /usr/lib/ruby/gems/1.8/gems/actionpack-2.3.4/lib/action_controller/failsafe.rb:26:in `call'
    /usr/lib/ruby/gems/1.8/gems/rack-1.0.1/lib/rack/lock.rb:11:in `call'
    /usr/lib/ruby/gems/1.8/gems/rack-1.0.1/lib/rack/lock.rb:11:in `synchronize'
    /usr/lib/ruby/gems/1.8/gems/rack-1.0.1/lib/rack/lock.rb:11:in `call'
    /usr/lib/ruby/gems/1.8/gems/actionpack-2.3.4/lib/action_controller/dispatcher.rb:114:in `call'
    /usr/lib/ruby/gems/1.8/gems/actionpack-2.3.4/lib/action_controller/reloader.rb:34:in `run'
    /usr/lib/ruby/gems/1.8/gems/actionpack-2.3.4/lib/action_controller/dispatcher.rb:108:in `call'
    /usr/lib/ruby/gems/1.8/gems/rails-2.3.4/lib/rails/rack/static.rb:31:in `call'
    /usr/lib/ruby/gems/1.8/gems/rack-1.0.1/lib/rack/urlmap.rb:46:in `call'
    /usr/lib/ruby/gems/1.8/gems/rack-1.0.1/lib/rack/urlmap.rb:40:in `each'
    /usr/lib/ruby/gems/1.8/gems/rack-1.0.1/lib/rack/urlmap.rb:40:in `call'
    /usr/lib/ruby/gems/1.8/gems/rails-2.3.4/lib/rails/rack/log_tailer.rb:17:in `call'
    /usr/lib/ruby/gems/1.8/gems/rack-1.0.1/lib/rack/content_length.rb:13:in `call'
    /usr/lib/ruby/gems/1.8/gems/rack-1.0.1/lib/rack/chunked.rb:15:in `call'
    /usr/lib/ruby/gems/1.8/gems/rack-1.0.1/lib/rack/handler/mongrel.rb:64:in `process'
    /usr/lib/ruby/gems/1.8/gems/mongrel-1.1.5/lib/mongrel.rb:159:in `process_client'
    /usr/lib/ruby/gems/1.8/gems/mongrel-1.1.5/lib/mongrel.rb:158:in `each'
    /usr/lib/ruby/gems/1.8/gems/mongrel-1.1.5/lib/mongrel.rb:158:in `process_client'
    /usr/lib/ruby/gems/1.8/gems/mongrel-1.1.5/lib/mongrel.rb:285:in `run'
    /usr/lib/ruby/gems/1.8/gems/mongrel-1.1.5/lib/mongrel.rb:285:in `initialize'
    /usr/lib/ruby/gems/1.8/gems/mongrel-1.1.5/lib/mongrel.rb:285:in `new'
    /usr/lib/ruby/gems/1.8/gems/mongrel-1.1.5/lib/mongrel.rb:285:in `run'
    /usr/lib/ruby/gems/1.8/gems/mongrel-1.1.5/lib/mongrel.rb:268:in `initialize'
    /usr/lib/ruby/gems/1.8/gems/mongrel-1.1.5/lib/mongrel.rb:268:in `new'
    /usr/lib/ruby/gems/1.8/gems/mongrel-1.1.5/lib/mongrel.rb:268:in `run'
    /usr/lib/ruby/gems/1.8/gems/rack-1.0.1/lib/rack/handler/mongrel.rb:34:in `run'
    /usr/lib/ruby/gems/1.8/gems/rails-2.3.4/lib/commands/server.rb:111
    /usr/local/lib/site_ruby/1.8/rubygems/custom_require.rb:31:in `gem_original_require'
    /usr/local/lib/site_ruby/1.8/rubygems/custom_require.rb:31:in `require'
    script/server:3
/!\ FAILSAFE /!\  Sun Dec 13 18:02:33 -0600 2009
  Status: 500 Internal Server Error
  no password specified
    /usr/lib/ruby/gems/1.8/gems/postgres-pr-0.6.1/lib/postgres-pr/connection.rb:68:in `initialize'
    /usr/lib/ruby/gems/1.8/gems/postgres-pr-0.6.1/lib/postgres-pr/connection.rb:55:in `loop'
    /usr/lib/ruby/gems/1.8/gems/postgres-pr-0.6.1/lib/postgres-pr/connection.rb:55:in `initialize'
    /usr/lib/ruby/gems/1.8/gems/postgres-pr-0.6.1/lib/postgres-pr/postgres-compat.rb:23:in `new'
    /usr/lib/ruby/gems/1.8/gems/postgres-pr-0.6.1/lib/postgres-pr/postgres-compat.rb:23:in `initialize'
    /usr/lib/ruby/gems/1.8/gems/activerecord-2.3.4/lib/active_record/connection_adapters/postgresql_adapter.rb:968:in `connect'
    /usr/lib/ruby/gems/1.8/gems/activerecord-2.3.4/lib/active_record/connection_adapters/postgresql_adapter.rb:968:in `connect'
    /usr/lib/ruby/gems/1.8/gems/activerecord-2.3.4/lib/active_record/connection_adapters/postgresql_adapter.rb:217:in `initialize'
    /usr/lib/ruby/gems/1.8/gems/activerecord-2.3.4/lib/active_record/connection_adapters/postgresql_adapter.rb:37:in `new'
    /usr/lib/ruby/gems/1.8/gems/activerecord-2.3.4/lib/active_record/connection_adapters/postgresql_adapter.rb:37:in `postgresql_connection'
    /usr/lib/ruby/gems/1.8/gems/activerecord-2.3.4/lib/active_record/connection_adapters/abstract/connection_pool.rb:223:in `send'
    /usr/lib/ruby/gems/1.8/gems/activerecord-2.3.4/lib/active_record/connection_adapters/abstract/connection_pool.rb:223:in `new_connection'
    /usr/lib/ruby/gems/1.8/gems/activerecord-2.3.4/lib/active_record/connection_adapters/abstract/connection_pool.rb:245:in `checkout_new_connection'
    /usr/lib/ruby/gems/1.8/gems/activerecord-2.3.4/lib/active_record/connection_adapters/abstract/connection_pool.rb:188:in `checkout'
    /usr/lib/ruby/gems/1.8/gems/activerecord-2.3.4/lib/active_record/connection_adapters/abstract/connection_pool.rb:184:in `loop'
    /usr/lib/ruby/gems/1.8/gems/activerecord-2.3.4/lib/active_record/connection_adapters/abstract/connection_pool.rb:184:in `checkout'
    /usr/lib/ruby/1.8/monitor.rb:242:in `synchronize'
    /usr/lib/ruby/gems/1.8/gems/activerecord-2.3.4/lib/active_record/connection_adapters/abstract/connection_pool.rb:183:in `checkout'
    /usr/lib/ruby/gems/1.8/gems/activerecord-2.3.4/lib/active_record/connection_adapters/abstract/connection_pool.rb:98:in `connection'
    /usr/lib/ruby/gems/1.8/gems/activerecord-2.3.4/lib/active_record/connection_adapters/abstract/connection_pool.rb:326:in `retrieve_connection'
    /usr/lib/ruby/gems/1.8/gems/activerecord-2.3.4/lib/active_record/connection_adapters/abstract/connection_specification.rb:123:in `retrieve_connection'
    /usr/lib/ruby/gems/1.8/gems/activerecord-2.3.4/lib/active_record/connection_adapters/abstract/connection_specification.rb:115:in `connection'
    /usr/lib/ruby/gems/1.8/gems/activerecord-2.3.4/lib/active_record/query_cache.rb:9:in `cache'
    /usr/lib/ruby/gems/1.8/gems/activerecord-2.3.4/lib/active_record/query_cache.rb:28:in `call'
    /usr/lib/ruby/gems/1.8/gems/activerecord-2.3.4/lib/active_record/connection_adapters/abstract/connection_pool.rb:361:in `call'
    /usr/lib/ruby/gems/1.8/gems/rack-1.0.1/lib/rack/head.rb:9:in `call'
    /usr/lib/ruby/gems/1.8/gems/rack-1.0.1/lib/rack/methodoverride.rb:24:in `call'
    /usr/lib/ruby/gems/1.8/gems/actionpack-2.3.4/lib/action_controller/params_parser.rb:15:in `call'
    /usr/lib/ruby/gems/1.8/gems/actionpack-2.3.4/lib/action_controller/session/cookie_store.rb:93:in `call'
    /usr/lib/ruby/gems/1.8/gems/actionpack-2.3.4/lib/action_controller/failsafe.rb:26:in `call'
    /usr/lib/ruby/gems/1.8/gems/rack-1.0.1/lib/rack/lock.rb:11:in `call'
    /usr/lib/ruby/gems/1.8/gems/rack-1.0.1/lib/rack/lock.rb:11:in `synchronize'
    /usr/lib/ruby/gems/1.8/gems/rack-1.0.1/lib/rack/lock.rb:11:in `call'
    /usr/lib/ruby/gems/1.8/gems/actionpack-2.3.4/lib/action_controller/dispatcher.rb:114:in `call'
    /usr/lib/ruby/gems/1.8/gems/actionpack-2.3.4/lib/action_controller/reloader.rb:34:in `run'
    /usr/lib/ruby/gems/1.8/gems/actionpack-2.3.4/lib/action_controller/dispatcher.rb:108:in `call'
    /usr/lib/ruby/gems/1.8/gems/rails-2.3.4/lib/rails/rack/static.rb:31:in `call'
    /usr/lib/ruby/gems/1.8/gems/rack-1.0.1/lib/rack/urlmap.rb:46:in `call'
    /usr/lib/ruby/gems/1.8/gems/rack-1.0.1/lib/rack/urlmap.rb:40:in `each'
    /usr/lib/ruby/gems/1.8/gems/rack-1.0.1/lib/rack/urlmap.rb:40:in `call'
    /usr/lib/ruby/gems/1.8/gems/rails-2.3.4/lib/rails/rack/log_tailer.rb:17:in `call'
    /usr/lib/ruby/gems/1.8/gems/rack-1.0.1/lib/rack/content_length.rb:13:in `call'
    /usr/lib/ruby/gems/1.8/gems/rack-1.0.1/lib/rack/chunked.rb:15:in `call'
    /usr/lib/ruby/gems/1.8/gems/rack-1.0.1/lib/rack/handler/mongrel.rb:64:in `process'
    /usr/lib/ruby/gems/1.8/gems/mongrel-1.1.5/lib/mongrel.rb:159:in `process_client'
    /usr/lib/ruby/gems/1.8/gems/mongrel-1.1.5/lib/mongrel.rb:158:in `each'
    /usr/lib/ruby/gems/1.8/gems/mongrel-1.1.5/lib/mongrel.rb:158:in `process_client'
    /usr/lib/ruby/gems/1.8/gems/mongrel-1.1.5/lib/mongrel.rb:285:in `run'
    /usr/lib/ruby/gems/1.8/gems/mongrel-1.1.5/lib/mongrel.rb:285:in `initialize'
    /usr/lib/ruby/gems/1.8/gems/mongrel-1.1.5/lib/mongrel.rb:285:in `new'
    /usr/lib/ruby/gems/1.8/gems/mongrel-1.1.5/lib/mongrel.rb:285:in `run'
    /usr/lib/ruby/gems/1.8/gems/mongrel-1.1.5/lib/mongrel.rb:268:in `initialize'
    /usr/lib/ruby/gems/1.8/gems/mongrel-1.1.5/lib/mongrel.rb:268:in `new'
    /usr/lib/ruby/gems/1.8/gems/mongrel-1.1.5/lib/mongrel.rb:268:in `run'
    /usr/lib/ruby/gems/1.8/gems/rack-1.0.1/lib/rack/handler/mongrel.rb:34:in `run'
    /usr/lib/ruby/gems/1.8/gems/rails-2.3.4/lib/commands/server.rb:111
    /usr/local/lib/site_ruby/1.8/rubygems/custom_require.rb:31:in `gem_original_require'
    /usr/local/lib/site_ruby/1.8/rubygems/custom_require.rb:31:in `require'
    script/server:3
/!\ FAILSAFE /!\  Sun Dec 13 18:02:35 -0600 2009
  Status: 500 Internal Server Error
  no password specified
    /usr/lib/ruby/gems/1.8/gems/postgres-pr-0.6.1/lib/postgres-pr/connection.rb:68:in `initialize'
    /usr/lib/ruby/gems/1.8/gems/postgres-pr-0.6.1/lib/postgres-pr/connection.rb:55:in `loop'
    /usr/lib/ruby/gems/1.8/gems/postgres-pr-0.6.1/lib/postgres-pr/connection.rb:55:in `initialize'
    /usr/lib/ruby/gems/1.8/gems/postgres-pr-0.6.1/lib/postgres-pr/postgres-compat.rb:23:in `new'
    /usr/lib/ruby/gems/1.8/gems/postgres-pr-0.6.1/lib/postgres-pr/postgres-compat.rb:23:in `initialize'
    /usr/lib/ruby/gems/1.8/gems/activerecord-2.3.4/lib/active_record/connection_adapters/postgresql_adapter.rb:968:in `connect'
    /usr/lib/ruby/gems/1.8/gems/activerecord-2.3.4/lib/active_record/connection_adapters/postgresql_adapter.rb:968:in `connect'
    /usr/lib/ruby/gems/1.8/gems/activerecord-2.3.4/lib/active_record/connection_adapters/postgresql_adapter.rb:217:in `initialize'
    /usr/lib/ruby/gems/1.8/gems/activerecord-2.3.4/lib/active_record/connection_adapters/postgresql_adapter.rb:37:in `new'
    /usr/lib/ruby/gems/1.8/gems/activerecord-2.3.4/lib/active_record/connection_adapters/postgresql_adapter.rb:37:in `postgresql_connection'
    /usr/lib/ruby/gems/1.8/gems/activerecord-2.3.4/lib/active_record/connection_adapters/abstract/connection_pool.rb:223:in `send'
    /usr/lib/ruby/gems/1.8/gems/activerecord-2.3.4/lib/active_record/connection_adapters/abstract/connection_pool.rb:223:in `new_connection'
    /usr/lib/ruby/gems/1.8/gems/activerecord-2.3.4/lib/active_record/connection_adapters/abstract/connection_pool.rb:245:in `checkout_new_connection'
    /usr/lib/ruby/gems/1.8/gems/activerecord-2.3.4/lib/active_record/connection_adapters/abstract/connection_pool.rb:188:in `checkout'
    /usr/lib/ruby/gems/1.8/gems/activerecord-2.3.4/lib/active_record/connection_adapters/abstract/connection_pool.rb:184:in `loop'
    /usr/lib/ruby/gems/1.8/gems/activerecord-2.3.4/lib/active_record/connection_adapters/abstract/connection_pool.rb:184:in `checkout'
    /usr/lib/ruby/1.8/monitor.rb:242:in `synchronize'
    /usr/lib/ruby/gems/1.8/gems/activerecord-2.3.4/lib/active_record/connection_adapters/abstract/connection_pool.rb:183:in `checkout'
    /usr/lib/ruby/gems/1.8/gems/activerecord-2.3.4/lib/active_record/connection_adapters/abstract/connection_pool.rb:98:in `connection'
    /usr/lib/ruby/gems/1.8/gems/activerecord-2.3.4/lib/active_record/connection_adapters/abstract/connection_pool.rb:326:in `retrieve_connection'
    /usr/lib/ruby/gems/1.8/gems/activerecord-2.3.4/lib/active_record/connection_adapters/abstract/connection_specification.rb:123:in `retrieve_connection'
    /usr/lib/ruby/gems/1.8/gems/activerecord-2.3.4/lib/active_record/connection_adapters/abstract/connection_specification.rb:115:in `connection'
    /usr/lib/ruby/gems/1.8/gems/activerecord-2.3.4/lib/active_record/query_cache.rb:9:in `cache'
    /usr/lib/ruby/gems/1.8/gems/activerecord-2.3.4/lib/active_record/query_cache.rb:28:in `call'
    /usr/lib/ruby/gems/1.8/gems/activerecord-2.3.4/lib/active_record/connection_adapters/abstract/connection_pool.rb:361:in `call'
    /usr/lib/ruby/gems/1.8/gems/rack-1.0.1/lib/rack/head.rb:9:in `call'
    /usr/lib/ruby/gems/1.8/gems/rack-1.0.1/lib/rack/methodoverride.rb:24:in `call'
    /usr/lib/ruby/gems/1.8/gems/actionpack-2.3.4/lib/action_controller/params_parser.rb:15:in `call'
    /usr/lib/ruby/gems/1.8/gems/actionpack-2.3.4/lib/action_controller/session/cookie_store.rb:93:in `call'
    /usr/lib/ruby/gems/1.8/gems/actionpack-2.3.4/lib/action_controller/failsafe.rb:26:in `call'
    /usr/lib/ruby/gems/1.8/gems/rack-1.0.1/lib/rack/lock.rb:11:in `call'
    /usr/lib/ruby/gems/1.8/gems/rack-1.0.1/lib/rack/lock.rb:11:in `synchronize'
    /usr/lib/ruby/gems/1.8/gems/rack-1.0.1/lib/rack/lock.rb:11:in `call'
    /usr/lib/ruby/gems/1.8/gems/actionpack-2.3.4/lib/action_controller/dispatcher.rb:114:in `call'
    /usr/lib/ruby/gems/1.8/gems/actionpack-2.3.4/lib/action_controller/reloader.rb:34:in `run'
    /usr/lib/ruby/gems/1.8/gems/actionpack-2.3.4/lib/action_controller/dispatcher.rb:108:in `call'
    /usr/lib/ruby/gems/1.8/gems/rails-2.3.4/lib/rails/rack/static.rb:31:in `call'
    /usr/lib/ruby/gems/1.8/gems/rack-1.0.1/lib/rack/urlmap.rb:46:in `call'
    /usr/lib/ruby/gems/1.8/gems/rack-1.0.1/lib/rack/urlmap.rb:40:in `each'
    /usr/lib/ruby/gems/1.8/gems/rack-1.0.1/lib/rack/urlmap.rb:40:in `call'
    /usr/lib/ruby/gems/1.8/gems/rails-2.3.4/lib/rails/rack/log_tailer.rb:17:in `call'
    /usr/lib/ruby/gems/1.8/gems/rack-1.0.1/lib/rack/content_length.rb:13:in `call'
    /usr/lib/ruby/gems/1.8/gems/rack-1.0.1/lib/rack/chunked.rb:15:in `call'
    /usr/lib/ruby/gems/1.8/gems/rack-1.0.1/lib/rack/handler/mongrel.rb:64:in `process'
    /usr/lib/ruby/gems/1.8/gems/mongrel-1.1.5/lib/mongrel.rb:159:in `process_client'
    /usr/lib/ruby/gems/1.8/gems/mongrel-1.1.5/lib/mongrel.rb:158:in `each'
    /usr/lib/ruby/gems/1.8/gems/mongrel-1.1.5/lib/mongrel.rb:158:in `process_client'
    /usr/lib/ruby/gems/1.8/gems/mongrel-1.1.5/lib/mongrel.rb:285:in `run'
    /usr/lib/ruby/gems/1.8/gems/mongrel-1.1.5/lib/mongrel.rb:285:in `initialize'
    /usr/lib/ruby/gems/1.8/gems/mongrel-1.1.5/lib/mongrel.rb:285:in `new'
    /usr/lib/ruby/gems/1.8/gems/mongrel-1.1.5/lib/mongrel.rb:285:in `run'
    /usr/lib/ruby/gems/1.8/gems/mongrel-1.1.5/lib/mongrel.rb:268:in `initialize'
    /usr/lib/ruby/gems/1.8/gems/mongrel-1.1.5/lib/mongrel.rb:268:in `new'
    /usr/lib/ruby/gems/1.8/gems/mongrel-1.1.5/lib/mongrel.rb:268:in `run'
    /usr/lib/ruby/gems/1.8/gems/rack-1.0.1/lib/rack/handler/mongrel.rb:34:in `run'
    /usr/lib/ruby/gems/1.8/gems/rails-2.3.4/lib/commands/server.rb:111
    /usr/local/lib/site_ruby/1.8/rubygems/custom_require.rb:31:in `gem_original_require'
    /usr/local/lib/site_ruby/1.8/rubygems/custom_require.rb:31:in `require'
    script/server:3
/!\ FAILSAFE /!\  Sun Dec 13 18:02:35 -0600 2009
  Status: 500 Internal Server Error
  no password specified
    /usr/lib/ruby/gems/1.8/gems/postgres-pr-0.6.1/lib/postgres-pr/connection.rb:68:in `initialize'
    /usr/lib/ruby/gems/1.8/gems/postgres-pr-0.6.1/lib/postgres-pr/connection.rb:55:in `loop'
    /usr/lib/ruby/gems/1.8/gems/postgres-pr-0.6.1/lib/postgres-pr/connection.rb:55:in `initialize'
    /usr/lib/ruby/gems/1.8/gems/postgres-pr-0.6.1/lib/postgres-pr/postgres-compat.rb:23:in `new'
    /usr/lib/ruby/gems/1.8/gems/postgres-pr-0.6.1/lib/postgres-pr/postgres-compat.rb:23:in `initialize'
    /usr/lib/ruby/gems/1.8/gems/activerecord-2.3.4/lib/active_record/connection_adapters/postgresql_adapter.rb:968:in `connect'
    /usr/lib/ruby/gems/1.8/gems/activerecord-2.3.4/lib/active_record/connection_adapters/postgresql_adapter.rb:968:in `connect'
    /usr/lib/ruby/gems/1.8/gems/activerecord-2.3.4/lib/active_record/connection_adapters/postgresql_adapter.rb:217:in `initialize'
    /usr/lib/ruby/gems/1.8/gems/activerecord-2.3.4/lib/active_record/connection_adapters/postgresql_adapter.rb:37:in `new'
    /usr/lib/ruby/gems/1.8/gems/activerecord-2.3.4/lib/active_record/connection_adapters/postgresql_adapter.rb:37:in `postgresql_connection'
    /usr/lib/ruby/gems/1.8/gems/activerecord-2.3.4/lib/active_record/connection_adapters/abstract/connection_pool.rb:223:in `send'
    /usr/lib/ruby/gems/1.8/gems/activerecord-2.3.4/lib/active_record/connection_adapters/abstract/connection_pool.rb:223:in `new_connection'
    /usr/lib/ruby/gems/1.8/gems/activerecord-2.3.4/lib/active_record/connection_adapters/abstract/connection_pool.rb:245:in `checkout_new_connection'
    /usr/lib/ruby/gems/1.8/gems/activerecord-2.3.4/lib/active_record/connection_adapters/abstract/connection_pool.rb:188:in `checkout'
    /usr/lib/ruby/gems/1.8/gems/activerecord-2.3.4/lib/active_record/connection_adapters/abstract/connection_pool.rb:184:in `loop'
    /usr/lib/ruby/gems/1.8/gems/activerecord-2.3.4/lib/active_record/connection_adapters/abstract/connection_pool.rb:184:in `checkout'
    /usr/lib/ruby/1.8/monitor.rb:242:in `synchronize'
    /usr/lib/ruby/gems/1.8/gems/activerecord-2.3.4/lib/active_record/connection_adapters/abstract/connection_pool.rb:183:in `checkout'
    /usr/lib/ruby/gems/1.8/gems/activerecord-2.3.4/lib/active_record/connection_adapters/abstract/connection_pool.rb:98:in `connection'
    /usr/lib/ruby/gems/1.8/gems/activerecord-2.3.4/lib/active_record/connection_adapters/abstract/connection_pool.rb:326:in `retrieve_connection'
    /usr/lib/ruby/gems/1.8/gems/activerecord-2.3.4/lib/active_record/connection_adapters/abstract/connection_specification.rb:123:in `retrieve_connection'
    /usr/lib/ruby/gems/1.8/gems/activerecord-2.3.4/lib/active_record/connection_adapters/abstract/connection_specification.rb:115:in `connection'
    /usr/lib/ruby/gems/1.8/gems/activerecord-2.3.4/lib/active_record/query_cache.rb:9:in `cache'
    /usr/lib/ruby/gems/1.8/gems/activerecord-2.3.4/lib/active_record/query_cache.rb:28:in `call'
    /usr/lib/ruby/gems/1.8/gems/activerecord-2.3.4/lib/active_record/connection_adapters/abstract/connection_pool.rb:361:in `call'
    /usr/lib/ruby/gems/1.8/gems/rack-1.0.1/lib/rack/head.rb:9:in `call'
    /usr/lib/ruby/gems/1.8/gems/rack-1.0.1/lib/rack/methodoverride.rb:24:in `call'
    /usr/lib/ruby/gems/1.8/gems/actionpack-2.3.4/lib/action_controller/params_parser.rb:15:in `call'
    /usr/lib/ruby/gems/1.8/gems/actionpack-2.3.4/lib/action_controller/session/cookie_store.rb:93:in `call'
    /usr/lib/ruby/gems/1.8/gems/actionpack-2.3.4/lib/action_controller/failsafe.rb:26:in `call'
    /usr/lib/ruby/gems/1.8/gems/rack-1.0.1/lib/rack/lock.rb:11:in `call'
    /usr/lib/ruby/gems/1.8/gems/rack-1.0.1/lib/rack/lock.rb:11:in `synchronize'
    /usr/lib/ruby/gems/1.8/gems/rack-1.0.1/lib/rack/lock.rb:11:in `call'
    /usr/lib/ruby/gems/1.8/gems/actionpack-2.3.4/lib/action_controller/dispatcher.rb:114:in `call'
    /usr/lib/ruby/gems/1.8/gems/actionpack-2.3.4/lib/action_controller/reloader.rb:34:in `run'
    /usr/lib/ruby/gems/1.8/gems/actionpack-2.3.4/lib/action_controller/dispatcher.rb:108:in `call'
    /usr/lib/ruby/gems/1.8/gems/rails-2.3.4/lib/rails/rack/static.rb:31:in `call'
    /usr/lib/ruby/gems/1.8/gems/rack-1.0.1/lib/rack/urlmap.rb:46:in `call'
    /usr/lib/ruby/gems/1.8/gems/rack-1.0.1/lib/rack/urlmap.rb:40:in `each'
    /usr/lib/ruby/gems/1.8/gems/rack-1.0.1/lib/rack/urlmap.rb:40:in `call'
    /usr/lib/ruby/gems/1.8/gems/rails-2.3.4/lib/rails/rack/log_tailer.rb:17:in `call'
    /usr/lib/ruby/gems/1.8/gems/rack-1.0.1/lib/rack/content_length.rb:13:in `call'
    /usr/lib/ruby/gems/1.8/gems/rack-1.0.1/lib/rack/chunked.rb:15:in `call'
    /usr/lib/ruby/gems/1.8/gems/rack-1.0.1/lib/rack/handler/mongrel.rb:64:in `process'
    /usr/lib/ruby/gems/1.8/gems/mongrel-1.1.5/lib/mongrel.rb:159:in `process_client'
    /usr/lib/ruby/gems/1.8/gems/mongrel-1.1.5/lib/mongrel.rb:158:in `each'
    /usr/lib/ruby/gems/1.8/gems/mongrel-1.1.5/lib/mongrel.rb:158:in `process_client'
    /usr/lib/ruby/gems/1.8/gems/mongrel-1.1.5/lib/mongrel.rb:285:in `run'
    /usr/lib/ruby/gems/1.8/gems/mongrel-1.1.5/lib/mongrel.rb:285:in `initialize'
    /usr/lib/ruby/gems/1.8/gems/mongrel-1.1.5/lib/mongrel.rb:285:in `new'
    /usr/lib/ruby/gems/1.8/gems/mongrel-1.1.5/lib/mongrel.rb:285:in `run'
    /usr/lib/ruby/gems/1.8/gems/mongrel-1.1.5/lib/mongrel.rb:268:in `initialize'
    /usr/lib/ruby/gems/1.8/gems/mongrel-1.1.5/lib/mongrel.rb:268:in `new'
    /usr/lib/ruby/gems/1.8/gems/mongrel-1.1.5/lib/mongrel.rb:268:in `run'
    /usr/lib/ruby/gems/1.8/gems/rack-1.0.1/lib/rack/handler/mongrel.rb:34:in `run'
    /usr/lib/ruby/gems/1.8/gems/rails-2.3.4/lib/commands/server.rb:111
    /usr/local/lib/site_ruby/1.8/rubygems/custom_require.rb:31:in `gem_original_require'
    /usr/local/lib/site_ruby/1.8/rubygems/custom_require.rb:31:in `require'
    script/server:3
/!\ FAILSAFE /!\  Sun Dec 13 18:02:36 -0600 2009
  Status: 500 Internal Server Error
  no password specified
    /usr/lib/ruby/gems/1.8/gems/postgres-pr-0.6.1/lib/postgres-pr/connection.rb:68:in `initialize'
    /usr/lib/ruby/gems/1.8/gems/postgres-pr-0.6.1/lib/postgres-pr/connection.rb:55:in `loop'
    /usr/lib/ruby/gems/1.8/gems/postgres-pr-0.6.1/lib/postgres-pr/connection.rb:55:in `initialize'
    /usr/lib/ruby/gems/1.8/gems/postgres-pr-0.6.1/lib/postgres-pr/postgres-compat.rb:23:in `new'
    /usr/lib/ruby/gems/1.8/gems/postgres-pr-0.6.1/lib/postgres-pr/postgres-compat.rb:23:in `initialize'
    /usr/lib/ruby/gems/1.8/gems/activerecord-2.3.4/lib/active_record/connection_adapters/postgresql_adapter.rb:968:in `connect'
    /usr/lib/ruby/gems/1.8/gems/activerecord-2.3.4/lib/active_record/connection_adapters/postgresql_adapter.rb:968:in `connect'
    /usr/lib/ruby/gems/1.8/gems/activerecord-2.3.4/lib/active_record/connection_adapters/postgresql_adapter.rb:217:in `initialize'
    /usr/lib/ruby/gems/1.8/gems/activerecord-2.3.4/lib/active_record/connection_adapters/postgresql_adapter.rb:37:in `new'
    /usr/lib/ruby/gems/1.8/gems/activerecord-2.3.4/lib/active_record/connection_adapters/postgresql_adapter.rb:37:in `postgresql_connection'
    /usr/lib/ruby/gems/1.8/gems/activerecord-2.3.4/lib/active_record/connection_adapters/abstract/connection_pool.rb:223:in `send'
    /usr/lib/ruby/gems/1.8/gems/activerecord-2.3.4/lib/active_record/connection_adapters/abstract/connection_pool.rb:223:in `new_connection'
    /usr/lib/ruby/gems/1.8/gems/activerecord-2.3.4/lib/active_record/connection_adapters/abstract/connection_pool.rb:245:in `checkout_new_connection'
    /usr/lib/ruby/gems/1.8/gems/activerecord-2.3.4/lib/active_record/connection_adapters/abstract/connection_pool.rb:188:in `checkout'
    /usr/lib/ruby/gems/1.8/gems/activerecord-2.3.4/lib/active_record/connection_adapters/abstract/connection_pool.rb:184:in `loop'
    /usr/lib/ruby/gems/1.8/gems/activerecord-2.3.4/lib/active_record/connection_adapters/abstract/connection_pool.rb:184:in `checkout'
    /usr/lib/ruby/1.8/monitor.rb:242:in `synchronize'
    /usr/lib/ruby/gems/1.8/gems/activerecord-2.3.4/lib/active_record/connection_adapters/abstract/connection_pool.rb:183:in `checkout'
    /usr/lib/ruby/gems/1.8/gems/activerecord-2.3.4/lib/active_record/connection_adapters/abstract/connection_pool.rb:98:in `connection'
    /usr/lib/ruby/gems/1.8/gems/activerecord-2.3.4/lib/active_record/connection_adapters/abstract/connection_pool.rb:326:in `retrieve_connection'
    /usr/lib/ruby/gems/1.8/gems/activerecord-2.3.4/lib/active_record/connection_adapters/abstract/connection_specification.rb:123:in `retrieve_connection'
    /usr/lib/ruby/gems/1.8/gems/activerecord-2.3.4/lib/active_record/connection_adapters/abstract/connection_specification.rb:115:in `connection'
    /usr/lib/ruby/gems/1.8/gems/activerecord-2.3.4/lib/active_record/query_cache.rb:9:in `cache'
    /usr/lib/ruby/gems/1.8/gems/activerecord-2.3.4/lib/active_record/query_cache.rb:28:in `call'
    /usr/lib/ruby/gems/1.8/gems/activerecord-2.3.4/lib/active_record/connection_adapters/abstract/connection_pool.rb:361:in `call'
    /usr/lib/ruby/gems/1.8/gems/rack-1.0.1/lib/rack/head.rb:9:in `call'
    /usr/lib/ruby/gems/1.8/gems/rack-1.0.1/lib/rack/methodoverride.rb:24:in `call'
    /usr/lib/ruby/gems/1.8/gems/actionpack-2.3.4/lib/action_controller/params_parser.rb:15:in `call'
    /usr/lib/ruby/gems/1.8/gems/actionpack-2.3.4/lib/action_controller/session/cookie_store.rb:93:in `call'
    /usr/lib/ruby/gems/1.8/gems/actionpack-2.3.4/lib/action_controller/failsafe.rb:26:in `call'
    /usr/lib/ruby/gems/1.8/gems/rack-1.0.1/lib/rack/lock.rb:11:in `call'
    /usr/lib/ruby/gems/1.8/gems/rack-1.0.1/lib/rack/lock.rb:11:in `synchronize'
    /usr/lib/ruby/gems/1.8/gems/rack-1.0.1/lib/rack/lock.rb:11:in `call'
    /usr/lib/ruby/gems/1.8/gems/actionpack-2.3.4/lib/action_controller/dispatcher.rb:114:in `call'
    /usr/lib/ruby/gems/1.8/gems/actionpack-2.3.4/lib/action_controller/reloader.rb:34:in `run'
    /usr/lib/ruby/gems/1.8/gems/actionpack-2.3.4/lib/action_controller/dispatcher.rb:108:in `call'
    /usr/lib/ruby/gems/1.8/gems/rails-2.3.4/lib/rails/rack/static.rb:31:in `call'
    /usr/lib/ruby/gems/1.8/gems/rack-1.0.1/lib/rack/urlmap.rb:46:in `call'
    /usr/lib/ruby/gems/1.8/gems/rack-1.0.1/lib/rack/urlmap.rb:40:in `each'
    /usr/lib/ruby/gems/1.8/gems/rack-1.0.1/lib/rack/urlmap.rb:40:in `call'
    /usr/lib/ruby/gems/1.8/gems/rails-2.3.4/lib/rails/rack/log_tailer.rb:17:in `call'
    /usr/lib/ruby/gems/1.8/gems/rack-1.0.1/lib/rack/content_length.rb:13:in `call'
    /usr/lib/ruby/gems/1.8/gems/rack-1.0.1/lib/rack/chunked.rb:15:in `call'
    /usr/lib/ruby/gems/1.8/gems/rack-1.0.1/lib/rack/handler/mongrel.rb:64:in `process'
    /usr/lib/ruby/gems/1.8/gems/mongrel-1.1.5/lib/mongrel.rb:159:in `process_client'
    /usr/lib/ruby/gems/1.8/gems/mongrel-1.1.5/lib/mongrel.rb:158:in `each'
    /usr/lib/ruby/gems/1.8/gems/mongrel-1.1.5/lib/mongrel.rb:158:in `process_client'
    /usr/lib/ruby/gems/1.8/gems/mongrel-1.1.5/lib/mongrel.rb:285:in `run'
    /usr/lib/ruby/gems/1.8/gems/mongrel-1.1.5/lib/mongrel.rb:285:in `initialize'
    /usr/lib/ruby/gems/1.8/gems/mongrel-1.1.5/lib/mongrel.rb:285:in `new'
    /usr/lib/ruby/gems/1.8/gems/mongrel-1.1.5/lib/mongrel.rb:285:in `run'
    /usr/lib/ruby/gems/1.8/gems/mongrel-1.1.5/lib/mongrel.rb:268:in `initialize'
    /usr/lib/ruby/gems/1.8/gems/mongrel-1.1.5/lib/mongrel.rb:268:in `new'
    /usr/lib/ruby/gems/1.8/gems/mongrel-1.1.5/lib/mongrel.rb:268:in `run'
    /usr/lib/ruby/gems/1.8/gems/rack-1.0.1/lib/rack/handler/mongrel.rb:34:in `run'
    /usr/lib/ruby/gems/1.8/gems/rails-2.3.4/lib/commands/server.rb:111
    /usr/local/lib/site_ruby/1.8/rubygems/custom_require.rb:31:in `gem_original_require'
    /usr/local/lib/site_ruby/1.8/rubygems/custom_require.rb:31:in `require'
    script/server:3
/!\ FAILSAFE /!\  Sun Dec 13 18:02:36 -0600 2009
  Status: 500 Internal Server Error
  no password specified
    /usr/lib/ruby/gems/1.8/gems/postgres-pr-0.6.1/lib/postgres-pr/connection.rb:68:in `initialize'
    /usr/lib/ruby/gems/1.8/gems/postgres-pr-0.6.1/lib/postgres-pr/connection.rb:55:in `loop'
    /usr/lib/ruby/gems/1.8/gems/postgres-pr-0.6.1/lib/postgres-pr/connection.rb:55:in `initialize'
    /usr/lib/ruby/gems/1.8/gems/postgres-pr-0.6.1/lib/postgres-pr/postgres-compat.rb:23:in `new'
    /usr/lib/ruby/gems/1.8/gems/postgres-pr-0.6.1/lib/postgres-pr/postgres-compat.rb:23:in `initialize'
    /usr/lib/ruby/gems/1.8/gems/activerecord-2.3.4/lib/active_record/connection_adapters/postgresql_adapter.rb:968:in `connect'
    /usr/lib/ruby/gems/1.8/gems/activerecord-2.3.4/lib/active_record/connection_adapters/postgresql_adapter.rb:968:in `connect'
    /usr/lib/ruby/gems/1.8/gems/activerecord-2.3.4/lib/active_record/connection_adapters/postgresql_adapter.rb:217:in `initialize'
    /usr/lib/ruby/gems/1.8/gems/activerecord-2.3.4/lib/active_record/connection_adapters/postgresql_adapter.rb:37:in `new'
    /usr/lib/ruby/gems/1.8/gems/activerecord-2.3.4/lib/active_record/connection_adapters/postgresql_adapter.rb:37:in `postgresql_connection'
    /usr/lib/ruby/gems/1.8/gems/activerecord-2.3.4/lib/active_record/connection_adapters/abstract/connection_pool.rb:223:in `send'
    /usr/lib/ruby/gems/1.8/gems/activerecord-2.3.4/lib/active_record/connection_adapters/abstract/connection_pool.rb:223:in `new_connection'
    /usr/lib/ruby/gems/1.8/gems/activerecord-2.3.4/lib/active_record/connection_adapters/abstract/connection_pool.rb:245:in `checkout_new_connection'
    /usr/lib/ruby/gems/1.8/gems/activerecord-2.3.4/lib/active_record/connection_adapters/abstract/connection_pool.rb:188:in `checkout'
    /usr/lib/ruby/gems/1.8/gems/activerecord-2.3.4/lib/active_record/connection_adapters/abstract/connection_pool.rb:184:in `loop'
    /usr/lib/ruby/gems/1.8/gems/activerecord-2.3.4/lib/active_record/connection_adapters/abstract/connection_pool.rb:184:in `checkout'
    /usr/lib/ruby/1.8/monitor.rb:242:in `synchronize'
    /usr/lib/ruby/gems/1.8/gems/activerecord-2.3.4/lib/active_record/connection_adapters/abstract/connection_pool.rb:183:in `checkout'
    /usr/lib/ruby/gems/1.8/gems/activerecord-2.3.4/lib/active_record/connection_adapters/abstract/connection_pool.rb:98:in `connection'
    /usr/lib/ruby/gems/1.8/gems/activerecord-2.3.4/lib/active_record/connection_adapters/abstract/connection_pool.rb:326:in `retrieve_connection'
    /usr/lib/ruby/gems/1.8/gems/activerecord-2.3.4/lib/active_record/connection_adapters/abstract/connection_specification.rb:123:in `retrieve_connection'
    /usr/lib/ruby/gems/1.8/gems/activerecord-2.3.4/lib/active_record/connection_adapters/abstract/connection_specification.rb:115:in `connection'
    /usr/lib/ruby/gems/1.8/gems/activerecord-2.3.4/lib/active_record/query_cache.rb:9:in `cache'
    /usr/lib/ruby/gems/1.8/gems/activerecord-2.3.4/lib/active_record/query_cache.rb:28:in `call'
    /usr/lib/ruby/gems/1.8/gems/activerecord-2.3.4/lib/active_record/connection_adapters/abstract/connection_pool.rb:361:in `call'
    /usr/lib/ruby/gems/1.8/gems/rack-1.0.1/lib/rack/head.rb:9:in `call'
    /usr/lib/ruby/gems/1.8/gems/rack-1.0.1/lib/rack/methodoverride.rb:24:in `call'
    /usr/lib/ruby/gems/1.8/gems/actionpack-2.3.4/lib/action_controller/params_parser.rb:15:in `call'
    /usr/lib/ruby/gems/1.8/gems/actionpack-2.3.4/lib/action_controller/session/cookie_store.rb:93:in `call'
    /usr/lib/ruby/gems/1.8/gems/actionpack-2.3.4/lib/action_controller/failsafe.rb:26:in `call'
    /usr/lib/ruby/gems/1.8/gems/rack-1.0.1/lib/rack/lock.rb:11:in `call'
    /usr/lib/ruby/gems/1.8/gems/rack-1.0.1/lib/rack/lock.rb:11:in `synchronize'
    /usr/lib/ruby/gems/1.8/gems/rack-1.0.1/lib/rack/lock.rb:11:in `call'
    /usr/lib/ruby/gems/1.8/gems/actionpack-2.3.4/lib/action_controller/dispatcher.rb:114:in `call'
    /usr/lib/ruby/gems/1.8/gems/actionpack-2.3.4/lib/action_controller/reloader.rb:34:in `run'
    /usr/lib/ruby/gems/1.8/gems/actionpack-2.3.4/lib/action_controller/dispatcher.rb:108:in `call'
    /usr/lib/ruby/gems/1.8/gems/rails-2.3.4/lib/rails/rack/static.rb:31:in `call'
    /usr/lib/ruby/gems/1.8/gems/rack-1.0.1/lib/rack/urlmap.rb:46:in `call'
    /usr/lib/ruby/gems/1.8/gems/rack-1.0.1/lib/rack/urlmap.rb:40:in `each'
    /usr/lib/ruby/gems/1.8/gems/rack-1.0.1/lib/rack/urlmap.rb:40:in `call'
    /usr/lib/ruby/gems/1.8/gems/rails-2.3.4/lib/rails/rack/log_tailer.rb:17:in `call'
    /usr/lib/ruby/gems/1.8/gems/rack-1.0.1/lib/rack/content_length.rb:13:in `call'
    /usr/lib/ruby/gems/1.8/gems/rack-1.0.1/lib/rack/chunked.rb:15:in `call'
    /usr/lib/ruby/gems/1.8/gems/rack-1.0.1/lib/rack/handler/mongrel.rb:64:in `process'
    /usr/lib/ruby/gems/1.8/gems/mongrel-1.1.5/lib/mongrel.rb:159:in `process_client'
    /usr/lib/ruby/gems/1.8/gems/mongrel-1.1.5/lib/mongrel.rb:158:in `each'
    /usr/lib/ruby/gems/1.8/gems/mongrel-1.1.5/lib/mongrel.rb:158:in `process_client'
    /usr/lib/ruby/gems/1.8/gems/mongrel-1.1.5/lib/mongrel.rb:285:in `run'
    /usr/lib/ruby/gems/1.8/gems/mongrel-1.1.5/lib/mongrel.rb:285:in `initialize'
    /usr/lib/ruby/gems/1.8/gems/mongrel-1.1.5/lib/mongrel.rb:285:in `new'
    /usr/lib/ruby/gems/1.8/gems/mongrel-1.1.5/lib/mongrel.rb:285:in `run'
    /usr/lib/ruby/gems/1.8/gems/mongrel-1.1.5/lib/mongrel.rb:268:in `initialize'
    /usr/lib/ruby/gems/1.8/gems/mongrel-1.1.5/lib/mongrel.rb:268:in `new'
    /usr/lib/ruby/gems/1.8/gems/mongrel-1.1.5/lib/mongrel.rb:268:in `run'
    /usr/lib/ruby/gems/1.8/gems/rack-1.0.1/lib/rack/handler/mongrel.rb:34:in `run'
    /usr/lib/ruby/gems/1.8/gems/rails-2.3.4/lib/commands/server.rb:111
    /usr/local/lib/site_ruby/1.8/rubygems/custom_require.rb:31:in `gem_original_require'
    /usr/local/lib/site_ruby/1.8/rubygems/custom_require.rb:31:in `require'
    script/server:3
/!\ FAILSAFE /!\  Sun Dec 13 18:05:36 -0600 2009
  Status: 500 Internal Server Error
  FATAL	C28000	Mpassword authentication failed for user "root"	Fauth.c	L258	Rauth_failed
    /usr/lib/ruby/gems/1.8/gems/postgres-pr-0.6.1/lib/postgres-pr/connection.rb:81:in `initialize'
    /usr/lib/ruby/gems/1.8/gems/postgres-pr-0.6.1/lib/postgres-pr/connection.rb:55:in `loop'
    /usr/lib/ruby/gems/1.8/gems/postgres-pr-0.6.1/lib/postgres-pr/connection.rb:55:in `initialize'
    /usr/lib/ruby/gems/1.8/gems/postgres-pr-0.6.1/lib/postgres-pr/postgres-compat.rb:23:in `new'
    /usr/lib/ruby/gems/1.8/gems/postgres-pr-0.6.1/lib/postgres-pr/postgres-compat.rb:23:in `initialize'
    /usr/lib/ruby/gems/1.8/gems/activerecord-2.3.4/lib/active_record/connection_adapters/postgresql_adapter.rb:968:in `connect'
    /usr/lib/ruby/gems/1.8/gems/activerecord-2.3.4/lib/active_record/connection_adapters/postgresql_adapter.rb:968:in `connect'
    /usr/lib/ruby/gems/1.8/gems/activerecord-2.3.4/lib/active_record/connection_adapters/postgresql_adapter.rb:217:in `initialize'
    /usr/lib/ruby/gems/1.8/gems/activerecord-2.3.4/lib/active_record/connection_adapters/postgresql_adapter.rb:37:in `new'
    /usr/lib/ruby/gems/1.8/gems/activerecord-2.3.4/lib/active_record/connection_adapters/postgresql_adapter.rb:37:in `postgresql_connection'
    /usr/lib/ruby/gems/1.8/gems/activerecord-2.3.4/lib/active_record/connection_adapters/abstract/connection_pool.rb:223:in `send'
    /usr/lib/ruby/gems/1.8/gems/activerecord-2.3.4/lib/active_record/connection_adapters/abstract/connection_pool.rb:223:in `new_connection'
    /usr/lib/ruby/gems/1.8/gems/activerecord-2.3.4/lib/active_record/connection_adapters/abstract/connection_pool.rb:245:in `checkout_new_connection'
    /usr/lib/ruby/gems/1.8/gems/activerecord-2.3.4/lib/active_record/connection_adapters/abstract/connection_pool.rb:188:in `checkout'
    /usr/lib/ruby/gems/1.8/gems/activerecord-2.3.4/lib/active_record/connection_adapters/abstract/connection_pool.rb:184:in `loop'
    /usr/lib/ruby/gems/1.8/gems/activerecord-2.3.4/lib/active_record/connection_adapters/abstract/connection_pool.rb:184:in `checkout'
    /usr/lib/ruby/1.8/monitor.rb:242:in `synchronize'
    /usr/lib/ruby/gems/1.8/gems/activerecord-2.3.4/lib/active_record/connection_adapters/abstract/connection_pool.rb:183:in `checkout'
    /usr/lib/ruby/gems/1.8/gems/activerecord-2.3.4/lib/active_record/connection_adapters/abstract/connection_pool.rb:98:in `connection'
    /usr/lib/ruby/gems/1.8/gems/activerecord-2.3.4/lib/active_record/connection_adapters/abstract/connection_pool.rb:326:in `retrieve_connection'
    /usr/lib/ruby/gems/1.8/gems/activerecord-2.3.4/lib/active_record/connection_adapters/abstract/connection_specification.rb:123:in `retrieve_connection'
    /usr/lib/ruby/gems/1.8/gems/activerecord-2.3.4/lib/active_record/connection_adapters/abstract/connection_specification.rb:115:in `connection'
    /usr/lib/ruby/gems/1.8/gems/activerecord-2.3.4/lib/active_record/query_cache.rb:9:in `cache'
    /usr/lib/ruby/gems/1.8/gems/activerecord-2.3.4/lib/active_record/query_cache.rb:28:in `call'
    /usr/lib/ruby/gems/1.8/gems/activerecord-2.3.4/lib/active_record/connection_adapters/abstract/connection_pool.rb:361:in `call'
    /usr/lib/ruby/gems/1.8/gems/rack-1.0.1/lib/rack/head.rb:9:in `call'
    /usr/lib/ruby/gems/1.8/gems/rack-1.0.1/lib/rack/methodoverride.rb:24:in `call'
    /usr/lib/ruby/gems/1.8/gems/actionpack-2.3.4/lib/action_controller/params_parser.rb:15:in `call'
    /usr/lib/ruby/gems/1.8/gems/actionpack-2.3.4/lib/action_controller/session/cookie_store.rb:93:in `call'
    /usr/lib/ruby/gems/1.8/gems/actionpack-2.3.4/lib/action_controller/failsafe.rb:26:in `call'
    /usr/lib/ruby/gems/1.8/gems/rack-1.0.1/lib/rack/lock.rb:11:in `call'
    /usr/lib/ruby/gems/1.8/gems/rack-1.0.1/lib/rack/lock.rb:11:in `synchronize'
    /usr/lib/ruby/gems/1.8/gems/rack-1.0.1/lib/rack/lock.rb:11:in `call'
    /usr/lib/ruby/gems/1.8/gems/actionpack-2.3.4/lib/action_controller/dispatcher.rb:114:in `call'
    /usr/lib/ruby/gems/1.8/gems/actionpack-2.3.4/lib/action_controller/reloader.rb:34:in `run'
    /usr/lib/ruby/gems/1.8/gems/actionpack-2.3.4/lib/action_controller/dispatcher.rb:108:in `call'
    /usr/lib/ruby/gems/1.8/gems/rails-2.3.4/lib/rails/rack/static.rb:31:in `call'
    /usr/lib/ruby/gems/1.8/gems/rack-1.0.1/lib/rack/urlmap.rb:46:in `call'
    /usr/lib/ruby/gems/1.8/gems/rack-1.0.1/lib/rack/urlmap.rb:40:in `each'
    /usr/lib/ruby/gems/1.8/gems/rack-1.0.1/lib/rack/urlmap.rb:40:in `call'
    /usr/lib/ruby/gems/1.8/gems/rails-2.3.4/lib/rails/rack/log_tailer.rb:17:in `call'
    /usr/lib/ruby/gems/1.8/gems/rack-1.0.1/lib/rack/content_length.rb:13:in `call'
    /usr/lib/ruby/gems/1.8/gems/rack-1.0.1/lib/rack/chunked.rb:15:in `call'
    /usr/lib/ruby/gems/1.8/gems/rack-1.0.1/lib/rack/handler/mongrel.rb:64:in `process'
    /usr/lib/ruby/gems/1.8/gems/mongrel-1.1.5/lib/mongrel.rb:159:in `process_client'
    /usr/lib/ruby/gems/1.8/gems/mongrel-1.1.5/lib/mongrel.rb:158:in `each'
    /usr/lib/ruby/gems/1.8/gems/mongrel-1.1.5/lib/mongrel.rb:158:in `process_client'
    /usr/lib/ruby/gems/1.8/gems/mongrel-1.1.5/lib/mongrel.rb:285:in `run'
    /usr/lib/ruby/gems/1.8/gems/mongrel-1.1.5/lib/mongrel.rb:285:in `initialize'
    /usr/lib/ruby/gems/1.8/gems/mongrel-1.1.5/lib/mongrel.rb:285:in `new'
    /usr/lib/ruby/gems/1.8/gems/mongrel-1.1.5/lib/mongrel.rb:285:in `run'
    /usr/lib/ruby/gems/1.8/gems/mongrel-1.1.5/lib/mongrel.rb:268:in `initialize'
    /usr/lib/ruby/gems/1.8/gems/mongrel-1.1.5/lib/mongrel.rb:268:in `new'
    /usr/lib/ruby/gems/1.8/gems/mongrel-1.1.5/lib/mongrel.rb:268:in `run'
    /usr/lib/ruby/gems/1.8/gems/rack-1.0.1/lib/rack/handler/mongrel.rb:34:in `run'
    /usr/lib/ruby/gems/1.8/gems/rails-2.3.4/lib/commands/server.rb:111
    /usr/local/lib/site_ruby/1.8/rubygems/custom_require.rb:31:in `gem_original_require'
    /usr/local/lib/site_ruby/1.8/rubygems/custom_require.rb:31:in `require'
    script/server:3
/!\ FAILSAFE /!\  Sun Dec 13 18:05:39 -0600 2009
  Status: 500 Internal Server Error
  FATAL	C28000	Mpassword authentication failed for user "root"	Fauth.c	L258	Rauth_failed
    /usr/lib/ruby/gems/1.8/gems/postgres-pr-0.6.1/lib/postgres-pr/connection.rb:81:in `initialize'
    /usr/lib/ruby/gems/1.8/gems/postgres-pr-0.6.1/lib/postgres-pr/connection.rb:55:in `loop'
    /usr/lib/ruby/gems/1.8/gems/postgres-pr-0.6.1/lib/postgres-pr/connection.rb:55:in `initialize'
    /usr/lib/ruby/gems/1.8/gems/postgres-pr-0.6.1/lib/postgres-pr/postgres-compat.rb:23:in `new'
    /usr/lib/ruby/gems/1.8/gems/postgres-pr-0.6.1/lib/postgres-pr/postgres-compat.rb:23:in `initialize'
    /usr/lib/ruby/gems/1.8/gems/activerecord-2.3.4/lib/active_record/connection_adapters/postgresql_adapter.rb:968:in `connect'
    /usr/lib/ruby/gems/1.8/gems/activerecord-2.3.4/lib/active_record/connection_adapters/postgresql_adapter.rb:968:in `connect'
    /usr/lib/ruby/gems/1.8/gems/activerecord-2.3.4/lib/active_record/connection_adapters/postgresql_adapter.rb:217:in `initialize'
    /usr/lib/ruby/gems/1.8/gems/activerecord-2.3.4/lib/active_record/connection_adapters/postgresql_adapter.rb:37:in `new'
    /usr/lib/ruby/gems/1.8/gems/activerecord-2.3.4/lib/active_record/connection_adapters/postgresql_adapter.rb:37:in `postgresql_connection'
    /usr/lib/ruby/gems/1.8/gems/activerecord-2.3.4/lib/active_record/connection_adapters/abstract/connection_pool.rb:223:in `send'
    /usr/lib/ruby/gems/1.8/gems/activerecord-2.3.4/lib/active_record/connection_adapters/abstract/connection_pool.rb:223:in `new_connection'
    /usr/lib/ruby/gems/1.8/gems/activerecord-2.3.4/lib/active_record/connection_adapters/abstract/connection_pool.rb:245:in `checkout_new_connection'
    /usr/lib/ruby/gems/1.8/gems/activerecord-2.3.4/lib/active_record/connection_adapters/abstract/connection_pool.rb:188:in `checkout'
    /usr/lib/ruby/gems/1.8/gems/activerecord-2.3.4/lib/active_record/connection_adapters/abstract/connection_pool.rb:184:in `loop'
    /usr/lib/ruby/gems/1.8/gems/activerecord-2.3.4/lib/active_record/connection_adapters/abstract/connection_pool.rb:184:in `checkout'
    /usr/lib/ruby/1.8/monitor.rb:242:in `synchronize'
    /usr/lib/ruby/gems/1.8/gems/activerecord-2.3.4/lib/active_record/connection_adapters/abstract/connection_pool.rb:183:in `checkout'
    /usr/lib/ruby/gems/1.8/gems/activerecord-2.3.4/lib/active_record/connection_adapters/abstract/connection_pool.rb:98:in `connection'
    /usr/lib/ruby/gems/1.8/gems/activerecord-2.3.4/lib/active_record/connection_adapters/abstract/connection_pool.rb:326:in `retrieve_connection'
    /usr/lib/ruby/gems/1.8/gems/activerecord-2.3.4/lib/active_record/connection_adapters/abstract/connection_specification.rb:123:in `retrieve_connection'
    /usr/lib/ruby/gems/1.8/gems/activerecord-2.3.4/lib/active_record/connection_adapters/abstract/connection_specification.rb:115:in `connection'
    /usr/lib/ruby/gems/1.8/gems/activerecord-2.3.4/lib/active_record/query_cache.rb:9:in `cache'
    /usr/lib/ruby/gems/1.8/gems/activerecord-2.3.4/lib/active_record/query_cache.rb:28:in `call'
    /usr/lib/ruby/gems/1.8/gems/activerecord-2.3.4/lib/active_record/connection_adapters/abstract/connection_pool.rb:361:in `call'
    /usr/lib/ruby/gems/1.8/gems/rack-1.0.1/lib/rack/head.rb:9:in `call'
    /usr/lib/ruby/gems/1.8/gems/rack-1.0.1/lib/rack/methodoverride.rb:24:in `call'
    /usr/lib/ruby/gems/1.8/gems/actionpack-2.3.4/lib/action_controller/params_parser.rb:15:in `call'
    /usr/lib/ruby/gems/1.8/gems/actionpack-2.3.4/lib/action_controller/session/cookie_store.rb:93:in `call'
    /usr/lib/ruby/gems/1.8/gems/actionpack-2.3.4/lib/action_controller/failsafe.rb:26:in `call'
    /usr/lib/ruby/gems/1.8/gems/rack-1.0.1/lib/rack/lock.rb:11:in `call'
    /usr/lib/ruby/gems/1.8/gems/rack-1.0.1/lib/rack/lock.rb:11:in `synchronize'
    /usr/lib/ruby/gems/1.8/gems/rack-1.0.1/lib/rack/lock.rb:11:in `call'
    /usr/lib/ruby/gems/1.8/gems/actionpack-2.3.4/lib/action_controller/dispatcher.rb:114:in `call'
    /usr/lib/ruby/gems/1.8/gems/actionpack-2.3.4/lib/action_controller/reloader.rb:34:in `run'
    /usr/lib/ruby/gems/1.8/gems/actionpack-2.3.4/lib/action_controller/dispatcher.rb:108:in `call'
    /usr/lib/ruby/gems/1.8/gems/rails-2.3.4/lib/rails/rack/static.rb:31:in `call'
    /usr/lib/ruby/gems/1.8/gems/rack-1.0.1/lib/rack/urlmap.rb:46:in `call'
    /usr/lib/ruby/gems/1.8/gems/rack-1.0.1/lib/rack/urlmap.rb:40:in `each'
    /usr/lib/ruby/gems/1.8/gems/rack-1.0.1/lib/rack/urlmap.rb:40:in `call'
    /usr/lib/ruby/gems/1.8/gems/rails-2.3.4/lib/rails/rack/log_tailer.rb:17:in `call'
    /usr/lib/ruby/gems/1.8/gems/rack-1.0.1/lib/rack/content_length.rb:13:in `call'
    /usr/lib/ruby/gems/1.8/gems/rack-1.0.1/lib/rack/chunked.rb:15:in `call'
    /usr/lib/ruby/gems/1.8/gems/rack-1.0.1/lib/rack/handler/mongrel.rb:64:in `process'
    /usr/lib/ruby/gems/1.8/gems/mongrel-1.1.5/lib/mongrel.rb:159:in `process_client'
    /usr/lib/ruby/gems/1.8/gems/mongrel-1.1.5/lib/mongrel.rb:158:in `each'
    /usr/lib/ruby/gems/1.8/gems/mongrel-1.1.5/lib/mongrel.rb:158:in `process_client'
    /usr/lib/ruby/gems/1.8/gems/mongrel-1.1.5/lib/mongrel.rb:285:in `run'
    /usr/lib/ruby/gems/1.8/gems/mongrel-1.1.5/lib/mongrel.rb:285:in `initialize'
    /usr/lib/ruby/gems/1.8/gems/mongrel-1.1.5/lib/mongrel.rb:285:in `new'
    /usr/lib/ruby/gems/1.8/gems/mongrel-1.1.5/lib/mongrel.rb:285:in `run'
    /usr/lib/ruby/gems/1.8/gems/mongrel-1.1.5/lib/mongrel.rb:268:in `initialize'
    /usr/lib/ruby/gems/1.8/gems/mongrel-1.1.5/lib/mongrel.rb:268:in `new'
    /usr/lib/ruby/gems/1.8/gems/mongrel-1.1.5/lib/mongrel.rb:268:in `run'
    /usr/lib/ruby/gems/1.8/gems/rack-1.0.1/lib/rack/handler/mongrel.rb:34:in `run'
    /usr/lib/ruby/gems/1.8/gems/rails-2.3.4/lib/commands/server.rb:111
    /usr/local/lib/site_ruby/1.8/rubygems/custom_require.rb:31:in `gem_original_require'
    /usr/local/lib/site_ruby/1.8/rubygems/custom_require.rb:31:in `require'
    script/server:3
/!\ FAILSAFE /!\  Sun Dec 13 18:08:01 -0600 2009
  Status: 500 Internal Server Error
  FATAL	C3D000	Mdatabase "demo_development" does not exist	Fpostinit.c	L422	RInitPostgres
    /usr/lib/ruby/gems/1.8/gems/postgres-pr-0.6.1/lib/postgres-pr/connection.rb:81:in `initialize'
    /usr/lib/ruby/gems/1.8/gems/postgres-pr-0.6.1/lib/postgres-pr/connection.rb:55:in `loop'
    /usr/lib/ruby/gems/1.8/gems/postgres-pr-0.6.1/lib/postgres-pr/connection.rb:55:in `initialize'
    /usr/lib/ruby/gems/1.8/gems/postgres-pr-0.6.1/lib/postgres-pr/postgres-compat.rb:23:in `new'
    /usr/lib/ruby/gems/1.8/gems/postgres-pr-0.6.1/lib/postgres-pr/postgres-compat.rb:23:in `initialize'
    /usr/lib/ruby/gems/1.8/gems/activerecord-2.3.4/lib/active_record/connection_adapters/postgresql_adapter.rb:968:in `connect'
    /usr/lib/ruby/gems/1.8/gems/activerecord-2.3.4/lib/active_record/connection_adapters/postgresql_adapter.rb:968:in `connect'
    /usr/lib/ruby/gems/1.8/gems/activerecord-2.3.4/lib/active_record/connection_adapters/postgresql_adapter.rb:217:in `initialize'
    /usr/lib/ruby/gems/1.8/gems/activerecord-2.3.4/lib/active_record/connection_adapters/postgresql_adapter.rb:37:in `new'
    /usr/lib/ruby/gems/1.8/gems/activerecord-2.3.4/lib/active_record/connection_adapters/postgresql_adapter.rb:37:in `postgresql_connection'
    /usr/lib/ruby/gems/1.8/gems/activerecord-2.3.4/lib/active_record/connection_adapters/abstract/connection_pool.rb:223:in `send'
    /usr/lib/ruby/gems/1.8/gems/activerecord-2.3.4/lib/active_record/connection_adapters/abstract/connection_pool.rb:223:in `new_connection'
    /usr/lib/ruby/gems/1.8/gems/activerecord-2.3.4/lib/active_record/connection_adapters/abstract/connection_pool.rb:245:in `checkout_new_connection'
    /usr/lib/ruby/gems/1.8/gems/activerecord-2.3.4/lib/active_record/connection_adapters/abstract/connection_pool.rb:188:in `checkout'
    /usr/lib/ruby/gems/1.8/gems/activerecord-2.3.4/lib/active_record/connection_adapters/abstract/connection_pool.rb:184:in `loop'
    /usr/lib/ruby/gems/1.8/gems/activerecord-2.3.4/lib/active_record/connection_adapters/abstract/connection_pool.rb:184:in `checkout'
    /usr/lib/ruby/1.8/monitor.rb:242:in `synchronize'
    /usr/lib/ruby/gems/1.8/gems/activerecord-2.3.4/lib/active_record/connection_adapters/abstract/connection_pool.rb:183:in `checkout'
    /usr/lib/ruby/gems/1.8/gems/activerecord-2.3.4/lib/active_record/connection_adapters/abstract/connection_pool.rb:98:in `connection'
    /usr/lib/ruby/gems/1.8/gems/activerecord-2.3.4/lib/active_record/connection_adapters/abstract/connection_pool.rb:326:in `retrieve_connection'
    /usr/lib/ruby/gems/1.8/gems/activerecord-2.3.4/lib/active_record/connection_adapters/abstract/connection_specification.rb:123:in `retrieve_connection'
    /usr/lib/ruby/gems/1.8/gems/activerecord-2.3.4/lib/active_record/connection_adapters/abstract/connection_specification.rb:115:in `connection'
    /usr/lib/ruby/gems/1.8/gems/activerecord-2.3.4/lib/active_record/query_cache.rb:9:in `cache'
    /usr/lib/ruby/gems/1.8/gems/activerecord-2.3.4/lib/active_record/query_cache.rb:28:in `call'
    /usr/lib/ruby/gems/1.8/gems/activerecord-2.3.4/lib/active_record/connection_adapters/abstract/connection_pool.rb:361:in `call'
    /usr/lib/ruby/gems/1.8/gems/rack-1.0.1/lib/rack/head.rb:9:in `call'
    /usr/lib/ruby/gems/1.8/gems/rack-1.0.1/lib/rack/methodoverride.rb:24:in `call'
    /usr/lib/ruby/gems/1.8/gems/actionpack-2.3.4/lib/action_controller/params_parser.rb:15:in `call'
    /usr/lib/ruby/gems/1.8/gems/actionpack-2.3.4/lib/action_controller/session/cookie_store.rb:93:in `call'
    /usr/lib/ruby/gems/1.8/gems/actionpack-2.3.4/lib/action_controller/failsafe.rb:26:in `call'
    /usr/lib/ruby/gems/1.8/gems/rack-1.0.1/lib/rack/lock.rb:11:in `call'
    /usr/lib/ruby/gems/1.8/gems/rack-1.0.1/lib/rack/lock.rb:11:in `synchronize'
    /usr/lib/ruby/gems/1.8/gems/rack-1.0.1/lib/rack/lock.rb:11:in `call'
    /usr/lib/ruby/gems/1.8/gems/actionpack-2.3.4/lib/action_controller/dispatcher.rb:114:in `call'
    /usr/lib/ruby/gems/1.8/gems/actionpack-2.3.4/lib/action_controller/reloader.rb:34:in `run'
    /usr/lib/ruby/gems/1.8/gems/actionpack-2.3.4/lib/action_controller/dispatcher.rb:108:in `call'
    /usr/lib/ruby/gems/1.8/gems/rails-2.3.4/lib/rails/rack/static.rb:31:in `call'
    /usr/lib/ruby/gems/1.8/gems/rack-1.0.1/lib/rack/urlmap.rb:46:in `call'
    /usr/lib/ruby/gems/1.8/gems/rack-1.0.1/lib/rack/urlmap.rb:40:in `each'
    /usr/lib/ruby/gems/1.8/gems/rack-1.0.1/lib/rack/urlmap.rb:40:in `call'
    /usr/lib/ruby/gems/1.8/gems/rails-2.3.4/lib/rails/rack/log_tailer.rb:17:in `call'
    /usr/lib/ruby/gems/1.8/gems/rack-1.0.1/lib/rack/content_length.rb:13:in `call'
    /usr/lib/ruby/gems/1.8/gems/rack-1.0.1/lib/rack/chunked.rb:15:in `call'
    /usr/lib/ruby/gems/1.8/gems/rack-1.0.1/lib/rack/handler/mongrel.rb:64:in `process'
    /usr/lib/ruby/gems/1.8/gems/mongrel-1.1.5/lib/mongrel.rb:159:in `process_client'
    /usr/lib/ruby/gems/1.8/gems/mongrel-1.1.5/lib/mongrel.rb:158:in `each'
    /usr/lib/ruby/gems/1.8/gems/mongrel-1.1.5/lib/mongrel.rb:158:in `process_client'
    /usr/lib/ruby/gems/1.8/gems/mongrel-1.1.5/lib/mongrel.rb:285:in `run'
    /usr/lib/ruby/gems/1.8/gems/mongrel-1.1.5/lib/mongrel.rb:285:in `initialize'
    /usr/lib/ruby/gems/1.8/gems/mongrel-1.1.5/lib/mongrel.rb:285:in `new'
    /usr/lib/ruby/gems/1.8/gems/mongrel-1.1.5/lib/mongrel.rb:285:in `run'
    /usr/lib/ruby/gems/1.8/gems/mongrel-1.1.5/lib/mongrel.rb:268:in `initialize'
    /usr/lib/ruby/gems/1.8/gems/mongrel-1.1.5/lib/mongrel.rb:268:in `new'
    /usr/lib/ruby/gems/1.8/gems/mongrel-1.1.5/lib/mongrel.rb:268:in `run'
    /usr/lib/ruby/gems/1.8/gems/rack-1.0.1/lib/rack/handler/mongrel.rb:34:in `run'
    /usr/lib/ruby/gems/1.8/gems/rails-2.3.4/lib/commands/server.rb:111
    /usr/local/lib/site_ruby/1.8/rubygems/custom_require.rb:31:in `gem_original_require'
    /usr/local/lib/site_ruby/1.8/rubygems/custom_require.rb:31:in `require'
    script/server:3
  [4;36;1mSQL (2.0ms)[0m   [0;1mSET client_min_messages TO 'panic'[0m
  [4;35;1mSQL (0.6ms)[0m   [0mSET client_min_messages TO 'notice'[0m
  [4;36;1mSQL (3.1ms)[0m   [0;1mSET client_encoding TO 'unicode'[0m


Processing SayController#hello (for 127.0.0.1 at 2009-12-13 18:10:01) [GET]

ActionView::MissingTemplate (Missing template say/hello.erb in view path app/views):
  

Rendering rescues/layout (internal_server_error)
  [4;36;1mSQL (0.7ms)[0m   [0;1mSET client_min_messages TO 'panic'[0m
  [4;35;1mSQL (0.3ms)[0m   [0mSET client_min_messages TO 'notice'[0m
  [4;36;1mSQL (0.9ms)[0m   [0;1mSET client_encoding TO 'unicode'[0m


Processing SayController#hello (for 127.0.0.1 at 2009-12-13 18:22:46) [GET]
Rendering say/hello
Completed in 84ms (View: 79, DB: 2) | 200 OK [http://localhost/Say/hello]
  [4;35;1mSQL (1.1ms)[0m   [0mSET client_min_messages TO 'panic'[0m
  [4;36;1mSQL (0.8ms)[0m   [0;1mSET client_min_messages TO 'notice'[0m
  [4;35;1mSQL (0.9ms)[0m   [0mSET client_encoding TO 'unicode'[0m


Processing SayController#hello (for 127.0.0.1 at 2009-12-13 18:37:16) [GET]
Rendering say/hello
Completed in 236ms (View: 231, DB: 3) | 200 OK [http://localhost/Say/hello]
  [4;36;1mSQL (0.4ms)[0m   [0;1mSET client_min_messages TO 'panic'[0m
  [4;35;1mSQL (0.3ms)[0m   [0mSET client_min_messages TO 'notice'[0m
  [4;36;1mSQL (0.5ms)[0m   [0;1mSET client_encoding TO 'unicode'[0m


Processing SayController#hello (for 127.0.0.1 at 2009-12-13 18:37:16) [GET]
Rendering say/hello
Completed in 4ms (View: 1, DB: 1) | 200 OK [http://localhost/Say/hello]
  [4;35;1mSQL (0.7ms)[0m   [0mSET client_min_messages TO 'panic'[0m
  [4;36;1mSQL (0.6ms)[0m   [0;1mSET client_min_messages TO 'notice'[0m
  [4;35;1mSQL (0.7ms)[0m   [0mSET client_encoding TO 'unicode'[0m


Processing SayController#hello (for 127.0.0.1 at 2009-12-13 18:37:21) [GET]
Rendering say/hello
Completed in 4ms (View: 1, DB: 2) | 200 OK [http://localhost/Say/hello]
  [4;36;1mSQL (0.7ms)[0m   [0;1mSET client_min_messages TO 'panic'[0m
  [4;35;1mSQL (0.5ms)[0m   [0mSET client_min_messages TO 'notice'[0m
  [4;36;1mSQL (0.6ms)[0m   [0;1mSET client_encoding TO 'unicode'[0m


Processing SayController#hello (for 127.0.0.1 at 2009-12-13 18:37:22) [GET]
Rendering say/hello
Completed in 4ms (View: 1, DB: 2) | 200 OK [http://localhost/Say/hello]
  [4;35;1mSQL (0.7ms)[0m   [0mSET client_min_messages TO 'panic'[0m
  [4;36;1mSQL (0.5ms)[0m   [0;1mSET client_min_messages TO 'notice'[0m
  [4;35;1mSQL (0.7ms)[0m   [0mSET client_encoding TO 'unicode'[0m


Processing SayController#hello (for 127.0.0.1 at 2009-12-13 18:37:22) [GET]
Rendering say/hello
Completed in 4ms (View: 1, DB: 2) | 200 OK [http://localhost/Say/hello]
  [4;36;1mSQL (1.9ms)[0m   [0;1mSET client_min_messages TO 'panic'[0m
  [4;35;1mSQL (0.6ms)[0m   [0mSET client_min_messages TO 'notice'[0m
  [4;36;1mSQL (2.4ms)[0m   [0;1mSET client_encoding TO 'unicode'[0m


Processing SayController#hello (for 127.0.0.1 at 2009-12-13 18:37:22) [GET]
Rendering say/hello
Completed in 4ms (View: 1, DB: 5) | 200 OK [http://localhost/Say/hello]
  [4;35;1mSQL (0.4ms)[0m   [0mSET client_min_messages TO 'panic'[0m
  [4;36;1mSQL (0.3ms)[0m   [0;1mSET client_min_messages TO 'notice'[0m
  [4;35;1mSQL (0.4ms)[0m   [0mSET client_encoding TO 'unicode'[0m


Processing SayController#hello (for 127.0.0.1 at 2009-12-13 18:37:23) [GET]
Rendering say/hello
Completed in 4ms (View: 1, DB: 1) | 200 OK [http://localhost/Say/hello]
  [4;36;1mSQL (0.8ms)[0m   [0;1mSET client_min_messages TO 'panic'[0m
  [4;35;1mSQL (0.6ms)[0m   [0mSET client_min_messages TO 'notice'[0m
  [4;36;1mSQL (0.9ms)[0m   [0;1mSET client_encoding TO 'unicode'[0m


Processing SayController#hello (for 127.0.0.1 at 2009-12-13 18:39:32) [GET]
Rendering say/hello
Completed in 23ms (View: 18, DB: 2) | 200 OK [http://localhost/Say/hello]
  [4;35;1mSQL (0.6ms)[0m   [0mSET client_min_messages TO 'panic'[0m
  [4;36;1mSQL (1.4ms)[0m   [0;1mSET client_min_messages TO 'notice'[0m
  [4;35;1mSQL (0.8ms)[0m   [0mSET client_encoding TO 'unicode'[0m


Processing SayController#hello (for 127.0.0.1 at 2009-12-13 18:39:33) [GET]
Rendering say/hello
Completed in 9ms (View: 2, DB: 3) | 200 OK [http://localhost/Say/hello]
  [4;36;1mSQL (0.5ms)[0m   [0;1mSET client_min_messages TO 'panic'[0m
  [4;35;1mSQL (0.4ms)[0m   [0mSET client_min_messages TO 'notice'[0m
  [4;36;1mSQL (0.6ms)[0m   [0;1mSET client_encoding TO 'unicode'[0m


Processing SayController#hello (for 127.0.0.1 at 2009-12-13 18:39:34) [GET]
Rendering say/hello
Completed in 4ms (View: 2, DB: 2) | 200 OK [http://localhost/Say/hello]
  [4;35;1mSQL (0.9ms)[0m   [0mSET client_min_messages TO 'panic'[0m
  [4;36;1mSQL (0.6ms)[0m   [0;1mSET client_min_messages TO 'notice'[0m
  [4;35;1mSQL (1.0ms)[0m   [0mSET client_encoding TO 'unicode'[0m


Processing SayController#hello (for 127.0.0.1 at 2009-12-13 18:39:34) [GET]
Rendering say/hello
Completed in 4ms (View: 1, DB: 2) | 200 OK [http://localhost/Say/hello]
  [4;36;1mSQL (0.6ms)[0m   [0;1mSET client_min_messages TO 'panic'[0m
  [4;35;1mSQL (0.5ms)[0m   [0mSET client_min_messages TO 'notice'[0m
  [4;36;1mSQL (0.6ms)[0m   [0;1mSET client_encoding TO 'unicode'[0m


Processing SayController#hello (for 127.0.0.1 at 2009-12-13 18:39:34) [GET]
Rendering say/hello
Completed in 20ms (View: 2, DB: 2) | 200 OK [http://localhost/Say/hello]
